<?xml version="1.0" encoding="UTF-8"?>
<testng-results skipped="0" failed="0" ignored="0" total="1" passed="1">
  <reporter-output>
  </reporter-output>
  <suite name="Default suite" duration-ms="29702" started-at="2018-05-14T17:09:55Z" finished-at="2018-05-14T17:10:25Z">
    <groups>
      <group name="cucumber">
        <method signature="AbstractTestNGCucumberTests.feature(cucumber.api.testng.CucumberFeatureWrapper)[pri:0, instance:testBase.MainRunner@25bbe1b6]" name="feature" class="cucumber.api.testng.AbstractTestNGCucumberTests"/>
      </group> <!-- cucumber -->
    </groups>
    <test name="Default test" duration-ms="29702" started-at="2018-05-14T17:09:55Z" finished-at="2018-05-14T17:10:25Z">
      <class name="testBase.MainRunner">
        <test-method status="PASS" signature="setUpClass()[pri:0, instance:testBase.MainRunner@25bbe1b6]" name="setUpClass" is-config="true" duration-ms="288" started-at="2018-05-14T22:39:55Z" finished-at="2018-05-14T22:39:56Z">
          <reporter-output>
          </reporter-output>
        </test-method> <!-- setUpClass -->
        <test-method status="PASS" signature="feature(cucumber.api.testng.CucumberFeatureWrapper)[pri:0, instance:testBase.MainRunner@25bbe1b6]" name="feature" duration-ms="29102" started-at="2018-05-14T22:39:56Z" description="Runs Cucumber Feature" data-provider="features" finished-at="2018-05-14T22:40:25Z">
          <params>
            <param index="0">
              <value>
                <![CDATA[Login Functionality]]>
              </value>
            </param>
          </params>
          <reporter-output>
          </reporter-output>
        </test-method> <!-- feature -->
        <test-method status="PASS" signature="tearDownClass()[pri:0, instance:testBase.MainRunner@25bbe1b6]" name="tearDownClass" is-config="true" duration-ms="200" started-at="2018-05-14T22:40:25Z" finished-at="2018-05-14T22:40:25Z">
          <reporter-output>
          </reporter-output>
        </test-method> <!-- tearDownClass -->
      </class> <!-- testBase.MainRunner -->
    </test> <!-- Default test -->
  </suite> <!-- Default suite -->
</testng-results>
